<?xml version="1.0" encoding="UTF-8"?>
<testsuite name="RegexSearcherTest" tests="4" skipped="0" failures="0" errors="0" timestamp="2018-01-25T10:00:43" hostname="Jesses-MBP" time="0.009">
  <properties/>
  <testcase name="testIgnoresPunctuation" classname="RegexSearcherTest" time="0.005"/>
  <testcase name="testCaseInsensitive" classname="RegexSearcherTest" time="0.0"/>
  <testcase name="testSimpleSearchMultipleTexts" classname="RegexSearcherTest" time="0.0"/>
  <testcase name="testSimpleSearchSingleText" classname="RegexSearcherTest" time="0.0"/>
  <system-out><![CDATA[]]></system-out>
  <system-err><![CDATA[]]></system-err>
</testsuite>
