<?xml version="1.0" encoding="UTF-8"?>
<testsuite name="IndexedDocumentTest" tests="4" skipped="0" failures="0" errors="0" timestamp="2018-01-25T05:03:58" hostname="Jesses-MBP" time="0.018">
  <properties/>
  <testcase name="testMultipleOccurrenceValues" classname="IndexedDocumentTest" time="0.015"/>
  <testcase name="testSingleOccurrence" classname="IndexedDocumentTest" time="0.001"/>
  <testcase name="testMultipleOccurrence" classname="IndexedDocumentTest" time="0.0"/>
  <testcase name="testReturnsEmptyList" classname="IndexedDocumentTest" time="0.0"/>
  <system-out><![CDATA[]]></system-out>
  <system-err><![CDATA[]]></system-err>
</testsuite>
