<?xml version="1.0" encoding="UTF-8"?>
<testsuite name="TextSearcherTest" tests="4" skipped="0" failures="0" errors="0" timestamp="2018-01-24T06:34:39" hostname="Jesses-MBP" time="0.005">
  <properties/>
  <testcase name="testCanRegexSearch" classname="TextSearcherTest" time="0.003"/>
  <testcase name="testCanRegexSearchMultipleTexts" classname="TextSearcherTest" time="0.001"/>
  <testcase name="testSimpleSearchMultipleTexts" classname="TextSearcherTest" time="0.0"/>
  <testcase name="testSimpleSearchSingleText" classname="TextSearcherTest" time="0.0"/>
  <system-out><![CDATA[]]></system-out>
  <system-err><![CDATA[]]></system-err>
</testsuite>
