<?xml version="1.0" encoding="UTF-8"?>
<testsuite name="interviewtest.IndexedDocumentTest" tests="4" skipped="0" failures="0" errors="0" timestamp="2018-01-25T10:39:36" hostname="Jesses-MBP" time="0.003">
  <properties/>
  <testcase name="testMultipleOccurrenceValues" classname="interviewtest.IndexedDocumentTest" time="0.0"/>
  <testcase name="testSingleOccurrence" classname="interviewtest.IndexedDocumentTest" time="0.001"/>
  <testcase name="testMultipleOccurrence" classname="interviewtest.IndexedDocumentTest" time="0.0"/>
  <testcase name="testReturnsEmptyList" classname="interviewtest.IndexedDocumentTest" time="0.002"/>
  <system-out><![CDATA[]]></system-out>
  <system-err><![CDATA[]]></system-err>
</testsuite>
