<?xml version="1.0" encoding="UTF-8"?>
<testsuite name="interviewtest.SimpleSearcherTest" tests="4" skipped="0" failures="0" errors="0" timestamp="2018-01-25T11:28:00" hostname="Jesses-MBP" time="0.001">
  <properties/>
  <testcase name="testIgnoresPunctuation" classname="interviewtest.SimpleSearcherTest" time="0.0"/>
  <testcase name="testCaseInsensitive" classname="interviewtest.SimpleSearcherTest" time="0.0"/>
  <testcase name="testSimpleSearchMultipleTexts" classname="interviewtest.SimpleSearcherTest" time="0.0"/>
  <testcase name="testSimpleSearchSingleText" classname="interviewtest.SimpleSearcherTest" time="0.0"/>
  <system-out><![CDATA[]]></system-out>
  <system-err><![CDATA[]]></system-err>
</testsuite>
