<?xml version="1.0" encoding="UTF-8"?>
<testsuite name="SimpleSearcherTest" tests="4" skipped="0" failures="0" errors="0" timestamp="2018-01-25T10:00:43" hostname="Jesses-MBP" time="0.003">
  <properties/>
  <testcase name="testIgnoresPunctuation" classname="SimpleSearcherTest" time="0.001"/>
  <testcase name="testCaseInsensitive" classname="SimpleSearcherTest" time="0.0"/>
  <testcase name="testSimpleSearchMultipleTexts" classname="SimpleSearcherTest" time="0.001"/>
  <testcase name="testSimpleSearchSingleText" classname="SimpleSearcherTest" time="0.001"/>
  <system-out><![CDATA[]]></system-out>
  <system-err><![CDATA[]]></system-err>
</testsuite>
