<?xml version="1.0" encoding="UTF-8"?>
<testsuite name="interviewtest.IndexedSearcherTest" tests="4" skipped="0" failures="0" errors="0" timestamp="2018-01-25T10:39:36" hostname="Jesses-MBP" time="0.032">
  <properties/>
  <testcase name="testIgnoresPunctuation" classname="interviewtest.IndexedSearcherTest" time="0.029"/>
  <testcase name="testCaseInsensitive" classname="interviewtest.IndexedSearcherTest" time="0.001"/>
  <testcase name="testSimpleSearchMultipleTexts" classname="interviewtest.IndexedSearcherTest" time="0.001"/>
  <testcase name="testSimpleSearchSingleText" classname="interviewtest.IndexedSearcherTest" time="0.001"/>
  <system-out><![CDATA[]]></system-out>
  <system-err><![CDATA[]]></system-err>
</testsuite>
